<?xml version="1.0" encoding="UTF-8"?>
<!-- Generated by org.testng.reporters.JUnitReportReporter -->
<testsuite hostname="DESKTOP-MOK7TM7" failures="0" tests="1" name="testngpkg.Fileuploadauto" time="10.633" errors="0" timestamp="2023-12-27T15:25:32 IST" skipped="0">
  <testcase classname="testngpkg.Fileuploadauto" name="main" time="10.633"/>
  <system-out/>
</testsuite> <!-- testngpkg.Fileuploadauto -->
