<?xml version="1.0" encoding="UTF-8"?>
<!-- Generated by org.testng.reporters.JUnitReportReporter -->
<testsuite hostname="DESKTOP-MOK7TM7" failures="0" tests="1" name="testngpkg.TestngDemo" time="0.011" errors="0" timestamp="2023-12-13T15:44:26 IST" skipped="0">
  <testcase classname="testngpkg.TestngDemo" name="test1" time="0.011"/>
  <system-out/>
</testsuite> <!-- testngpkg.TestngDemo -->
