<?xml version="1.0" encoding="UTF-8"?>
<!-- Generated by org.testng.reporters.JUnitReportReporter -->
<testsuite hostname="DESKTOP-MOK7TM7" failures="0" tests="1" name="testngpkg.Ebaymovetoelement" time="3.733" errors="0" timestamp="2023-12-21T16:17:39 IST" skipped="0">
  <testcase classname="testngpkg.Ebaymovetoelement" name="test1" time="3.733"/>
  <system-out/>
</testsuite> <!-- testngpkg.Ebaymovetoelement -->
