<?xml version="1.0" encoding="UTF-8"?>
<!-- Generated by org.testng.reporters.JUnitReportReporter -->
<testsuite hostname="DESKTOP-MOK7TM7" failures="0" tests="1" name="testngpkg.Datadriven" time="2.663" errors="0" timestamp="2023-12-28T16:38:04 IST" skipped="0">
  <testcase classname="testngpkg.Datadriven" name="datadriven" time="2.663"/>
  <system-out/>
</testsuite> <!-- testngpkg.Datadriven -->
