<?xml version="1.0" encoding="UTF-8"?>
<!-- Generated by org.testng.reporters.JUnitReportReporter -->
<testsuite hostname="DESKTOP-MOK7TM7" failures="0" tests="1" name="testngpkg.Parametrisation" time="0.010" errors="0" timestamp="2023-12-13T16:26:47 IST" skipped="0">
  <testcase classname="testngpkg.Parametrisation" name="main" time="0.010"/>
  <system-out/>
</testsuite> <!-- testngpkg.Parametrisation -->
