<?xml version="1.0" encoding="UTF-8"?>
<!-- Generated by org.testng.reporters.JUnitReportReporter -->
<testsuite hostname="DESKTOP-MOK7TM7" failures="0" tests="1" name="testngpkg.Loginvalidation" time="1.586" errors="0" timestamp="2023-12-27T17:06:57 IST" skipped="0">
  <testcase classname="testngpkg.Loginvalidation" name="titleVerification" time="1.586"/>
  <system-out/>
</testsuite> <!-- testngpkg.Loginvalidation -->
