<?xml version="1.0" encoding="UTF-8"?>
<!-- Generated by org.testng.reporters.JUnitReportReporter -->
<testsuite hostname="DESKTOP-MOK7TM7" failures="0" tests="3" name="testngpkg.Crossbrowsertesting" time="5.924" errors="0" timestamp="2023-12-15T16:14:09 IST" skipped="0">
  <testcase classname="testngpkg.Crossbrowsertesting" name="test1" time="1.415"/>
  <system-out/>
  <testcase classname="testngpkg.Crossbrowsertesting" name="test1" time="2.613"/>
  <system-out/>
  <testcase classname="testngpkg.Crossbrowsertesting" name="test1" time="1.896"/>
  <system-out/>
</testsuite> <!-- testngpkg.Crossbrowsertesting -->
